/home/gl055/Research/Bootloaders/auto-harness-generation/edk2/Build/OvmfX64/DEBUG_CLANGPDB/X64/OvmfPkg/PlatformPei/PlatformPei/OUTPUT/PlatformPei.lib
/home/gl055/Research/Bootloaders/auto-harness-generation/edk2/Build/OvmfX64/DEBUG_CLANGPDB/X64/OvmfPkg/Library/CcProbeLib/SecPeiCcProbeLib/OUTPUT/SecPeiCcProbeLib.lib
/home/gl055/Research/Bootloaders/auto-harness-generation/edk2/Build/OvmfX64/DEBUG_CLANGPDB/X64/MdePkg/Library/RegisterFilterLibNull/RegisterFilterLibNull/OUTPUT/FilterLibNull.lib
/home/gl055/Research/Bootloaders/auto-harness-generation/edk2/Build/OvmfX64/DEBUG_CLANGPDB/X64/MdePkg/Library/BaseCpuLib/BaseCpuLib/OUTPUT/BaseCpuLib.lib
/home/gl055/Research/Bootloaders/auto-harness-generation/edk2/Build/OvmfX64/DEBUG_CLANGPDB/X64/UefiCpuPkg/Library/BaseXApicX2ApicLib/BaseXApicX2ApicLib/OUTPUT/BaseXApicX2ApicLib.lib
/home/gl055/Research/Bootloaders/auto-harness-generation/edk2/Build/OvmfX64/DEBUG_CLANGPDB/X64/MdePkg/Library/BaseMemoryLibRepStr/BaseMemoryLibRepStr/OUTPUT/BaseMemoryLibRepStr.lib
/home/gl055/Research/Bootloaders/auto-harness-generation/edk2/Build/OvmfX64/DEBUG_CLANGPDB/X64/MdePkg/Library/TdxLib/TdxLib/OUTPUT/TdxLib.lib
/home/gl055/Research/Bootloaders/auto-harness-generation/edk2/Build/OvmfX64/DEBUG_CLANGPDB/X64/MdePkg/Library/PeiMemoryAllocationLib/PeiMemoryAllocationLib/OUTPUT/PeiMemoryAllocationLib.lib
/home/gl055/Research/Bootloaders/auto-harness-generation/edk2/Build/OvmfX64/DEBUG_CLANGPDB/X64/OvmfPkg/Library/CcExitLib/CcExitLib/OUTPUT/CcExitLib.lib
/home/gl055/Research/Bootloaders/auto-harness-generation/edk2/Build/OvmfX64/DEBUG_CLANGPDB/X64/MdePkg/Library/PeiPcdLib/PeiPcdLib/OUTPUT/PeiPcdLib.lib
/home/gl055/Research/Bootloaders/auto-harness-generation/edk2/Build/OvmfX64/DEBUG_CLANGPDB/X64/OvmfPkg/Library/BaseMemEncryptSevLib/PeiMemEncryptSevLib/OUTPUT/PeiMemEncryptSevLib.lib
/home/gl055/Research/Bootloaders/auto-harness-generation/edk2/Build/OvmfX64/DEBUG_CLANGPDB/X64/MdePkg/Library/PeiServicesTablePointerLibIdt/PeiServicesTablePointerLibIdt/OUTPUT/PeiServicesTablePointerLibIdt.lib
/home/gl055/Research/Bootloaders/auto-harness-generation/edk2/Build/OvmfX64/DEBUG_CLANGPDB/X64/MdePkg/Library/PeiServicesLib/PeiServicesLib/OUTPUT/PeiServicesLib.lib
/home/gl055/Research/Bootloaders/auto-harness-generation/edk2/Build/OvmfX64/DEBUG_CLANGPDB/X64/MdePkg/Library/BaseIoLibIntrinsic/BaseIoLibIntrinsicSev/OUTPUT/BaseIoLibIntrinsicSev.lib
/home/gl055/Research/Bootloaders/auto-harness-generation/edk2/Build/OvmfX64/DEBUG_CLANGPDB/X64/MdePkg/Library/PeiHobLib/PeiHobLib/OUTPUT/PeiHobLib.lib
/home/gl055/Research/Bootloaders/auto-harness-generation/edk2/Build/OvmfX64/DEBUG_CLANGPDB/X64/MdePkg/Library/BaseCacheMaintenanceLib/BaseCacheMaintenanceLib/OUTPUT/BaseCacheMaintenanceLib.lib
/home/gl055/Research/Bootloaders/auto-harness-generation/edk2/Build/OvmfX64/DEBUG_CLANGPDB/X64/MdePkg/Library/BaseLib/BaseLib/OUTPUT/BaseLib.lib
/home/gl055/Research/Bootloaders/auto-harness-generation/edk2/Build/OvmfX64/DEBUG_CLANGPDB/X64/MdePkg/Library/BaseDebugPrintErrorLevelLib/BaseDebugPrintErrorLevelLib/OUTPUT/BaseDebugPrintErrorLevelLib.lib
/home/gl055/Research/Bootloaders/auto-harness-generation/edk2/Build/OvmfX64/DEBUG_CLANGPDB/X64/MdePkg/Library/BasePrintLib/BasePrintLib/OUTPUT/BasePrintLib.lib
/home/gl055/Research/Bootloaders/auto-harness-generation/edk2/Build/OvmfX64/DEBUG_CLANGPDB/X64/OvmfPkg/Library/PlatformDebugLibIoPort/PlatformRomDebugLibIoPort/OUTPUT/PlatformRomDebugLibIoPort.lib
/home/gl055/Research/Bootloaders/auto-harness-generation/edk2/Build/OvmfX64/DEBUG_CLANGPDB/X64/MdePkg/Library/BasePciCf8Lib/BasePciCf8Lib/OUTPUT/BasePciCf8Lib.lib
/home/gl055/Research/Bootloaders/auto-harness-generation/edk2/Build/OvmfX64/DEBUG_CLANGPDB/X64/MdePkg/Library/BasePciLibCf8/BasePciLibCf8/OUTPUT/BasePciLibCf8.lib
/home/gl055/Research/Bootloaders/auto-harness-generation/edk2/Build/OvmfX64/DEBUG_CLANGPDB/X64/OvmfPkg/Library/AcpiTimerLib/BaseAcpiTimerLib/OUTPUT/BaseAcpiTimerLib.lib
/home/gl055/Research/Bootloaders/auto-harness-generation/edk2/Build/OvmfX64/DEBUG_CLANGPDB/X64/OvmfPkg/Library/QemuFwCfgLib/QemuFwCfgPeiLib/OUTPUT/QemuFwCfgPeiLib.lib
/home/gl055/Research/Bootloaders/auto-harness-generation/edk2/Build/OvmfX64/DEBUG_CLANGPDB/X64/OvmfPkg/Library/HardwareInfoLib/PeiHardwareInfoLib/OUTPUT/PeiHardwareInfoLib.lib
/home/gl055/Research/Bootloaders/auto-harness-generation/edk2/Build/OvmfX64/DEBUG_CLANGPDB/X64/UefiCpuPkg/Library/MtrrLib/MtrrLib/OUTPUT/MtrrLib.lib
/home/gl055/Research/Bootloaders/auto-harness-generation/edk2/Build/OvmfX64/DEBUG_CLANGPDB/X64/OvmfPkg/Library/QemuFwCfgSimpleParserLib/QemuFwCfgSimpleParserLib/OUTPUT/QemuFwCfgSimpleParserLib.lib
/home/gl055/Research/Bootloaders/auto-harness-generation/edk2/Build/OvmfX64/DEBUG_CLANGPDB/X64/MdePkg/Library/PeiResourcePublicationLib/PeiResourcePublicationLib/OUTPUT/PeiResourcePublicationLib.lib
/home/gl055/Research/Bootloaders/auto-harness-generation/edk2/Build/OvmfX64/DEBUG_CLANGPDB/X64/MdePkg/Library/PeimEntryPoint/PeimEntryPoint/OUTPUT/PeimEntryPoint.lib
/home/gl055/Research/Bootloaders/auto-harness-generation/edk2/Build/OvmfX64/DEBUG_CLANGPDB/X64/OvmfPkg/Library/QemuFwCfgS3Lib/PeiQemuFwCfgS3LibFwCfg/OUTPUT/PeiQemuFwCfgS3LibFwCfg.lib
/home/gl055/Research/Bootloaders/auto-harness-generation/edk2/Build/OvmfX64/DEBUG_CLANGPDB/X64/OvmfPkg/Library/PlatformInitLib/PlatformInitLib/OUTPUT/PlatformInitLib.lib
/home/gl055/Research/Bootloaders/auto-harness-generation/edk2/Build/OvmfX64/DEBUG_CLANGPDB/X64/OvmfPkg/IntelTdx/TdxHelperLib/PeiTdxHelperLib/OUTPUT/PeiTdxHelperLib.lib