/home/gl055/Research/Bootloaders/auto-harness-generation/edk2/Build/OvmfX64/DEBUG_CLANGPDB/X64/MdeModulePkg/Universal/DisplayEngineDxe/DisplayEngineDxe/OUTPUT/DisplayEngine.lib
/home/gl055/Research/Bootloaders/auto-harness-generation/edk2/Build/OvmfX64/DEBUG_CLANGPDB/X64/MdePkg/Library/RegisterFilterLibNull/RegisterFilterLibNull/OUTPUT/FilterLibNull.lib
/home/gl055/Research/Bootloaders/auto-harness-generation/edk2/Build/OvmfX64/DEBUG_CLANGPDB/X64/MdePkg/Library/DxePcdLib/DxePcdLib/OUTPUT/DxePcdLib.lib
/home/gl055/Research/Bootloaders/auto-harness-generation/edk2/Build/OvmfX64/DEBUG_CLANGPDB/X64/MdePkg/Library/BaseLib/BaseLib/OUTPUT/BaseLib.lib
/home/gl055/Research/Bootloaders/auto-harness-generation/edk2/Build/OvmfX64/DEBUG_CLANGPDB/X64/MdePkg/Library/BaseMemoryLibRepStr/BaseMemoryLibRepStr/OUTPUT/BaseMemoryLibRepStr.lib
/home/gl055/Research/Bootloaders/auto-harness-generation/edk2/Build/OvmfX64/DEBUG_CLANGPDB/X64/MdePkg/Library/TdxLib/TdxLib/OUTPUT/TdxLib.lib
/home/gl055/Research/Bootloaders/auto-harness-generation/edk2/Build/OvmfX64/DEBUG_CLANGPDB/X64/MdePkg/Library/BaseDebugPrintErrorLevelLib/BaseDebugPrintErrorLevelLib/OUTPUT/BaseDebugPrintErrorLevelLib.lib
/home/gl055/Research/Bootloaders/auto-harness-generation/edk2/Build/OvmfX64/DEBUG_CLANGPDB/X64/MdePkg/Library/BaseIoLibIntrinsic/BaseIoLibIntrinsicSev/OUTPUT/BaseIoLibIntrinsicSev.lib
/home/gl055/Research/Bootloaders/auto-harness-generation/edk2/Build/OvmfX64/DEBUG_CLANGPDB/X64/MdePkg/Library/BasePrintLib/BasePrintLib/OUTPUT/BasePrintLib.lib
/home/gl055/Research/Bootloaders/auto-harness-generation/edk2/Build/OvmfX64/DEBUG_CLANGPDB/X64/OvmfPkg/Library/PlatformDebugLibIoPort/PlatformDebugLibIoPort/OUTPUT/PlatformDebugLibIoPort.lib
/home/gl055/Research/Bootloaders/auto-harness-generation/edk2/Build/OvmfX64/DEBUG_CLANGPDB/X64/OvmfPkg/Library/CcProbeLib/DxeCcProbeLib/OUTPUT/DxeCcProbeLib.lib
/home/gl055/Research/Bootloaders/auto-harness-generation/edk2/Build/OvmfX64/DEBUG_CLANGPDB/X64/MdePkg/Library/UefiBootServicesTableLib/UefiBootServicesTableLib/OUTPUT/UefiBootServicesTableLib.lib
/home/gl055/Research/Bootloaders/auto-harness-generation/edk2/Build/OvmfX64/DEBUG_CLANGPDB/X64/MdePkg/Library/UefiMemoryAllocationLib/UefiMemoryAllocationLib/OUTPUT/UefiMemoryAllocationLib.lib
/home/gl055/Research/Bootloaders/auto-harness-generation/edk2/Build/OvmfX64/DEBUG_CLANGPDB/X64/MdePkg/Library/UefiDevicePathLibDevicePathProtocol/UefiDevicePathLibDevicePathProtocol/OUTPUT/UefiDevicePathLibDevicePathProtocol.lib
/home/gl055/Research/Bootloaders/auto-harness-generation/edk2/Build/OvmfX64/DEBUG_CLANGPDB/X64/MdePkg/Library/UefiRuntimeServicesTableLib/UefiRuntimeServicesTableLib/OUTPUT/UefiRuntimeServicesTableLib.lib
/home/gl055/Research/Bootloaders/auto-harness-generation/edk2/Build/OvmfX64/DEBUG_CLANGPDB/X64/MdeModulePkg/Library/UefiHiiServicesLib/UefiHiiServicesLib/OUTPUT/UefiHiiServicesLib.lib
/home/gl055/Research/Bootloaders/auto-harness-generation/edk2/Build/OvmfX64/DEBUG_CLANGPDB/X64/MdePkg/Library/UefiLib/UefiLib/OUTPUT/UefiLib.lib
/home/gl055/Research/Bootloaders/auto-harness-generation/edk2/Build/OvmfX64/DEBUG_CLANGPDB/X64/MdeModulePkg/Library/UefiHiiLib/UefiHiiLib/OUTPUT/UefiHiiLib.lib
/home/gl055/Research/Bootloaders/auto-harness-generation/edk2/Build/OvmfX64/DEBUG_CLANGPDB/X64/MdePkg/Library/UefiDriverEntryPoint/UefiDriverEntryPoint/OUTPUT/UefiDriverEntryPoint.lib
/home/gl055/Research/Bootloaders/auto-harness-generation/edk2/Build/OvmfX64/DEBUG_CLANGPDB/X64/MdeModulePkg/Library/CustomizedDisplayLib/CustomizedDisplayLib/OUTPUT/CustomizedDisplayLib.lib